  tif_aux.c
  tif_close.c
  tif_codec.c
  tif_color.c
  tif_compress.c
  tif_dir.c
  tif_dirinfo.c
  tif_dirread.c
  tif_dirwrite.c
  tif_dumpmode.c
  tif_error.c
  tif_extension.c
  tif_fax3.c
  tif_fax3sm.c
  tif_flush.c
  tif_getimage.c
  tif_jpeg.c
  tif_luv.c
  tif_lzma.c
  tif_lzw.c
  Generating Code...
  Compiling...
  tif_next.c
  tif_ojpeg.c
C:\Users\danip\Desktop\CGJ-TeamProject\dependencies\FreeImage\Source\LibTIFF4\tif_ojpeg.c(617,14): warning C4477: 'fprintf' : format string '%lu' requires an argument of type 'unsigned long', but variadic argument 1 has type 'uint64'
C:\Users\danip\Desktop\CGJ-TeamProject\dependencies\FreeImage\Source\LibTIFF4\tif_ojpeg.c(617,14): message : consider using '%llu' in the format string
C:\Users\danip\Desktop\CGJ-TeamProject\dependencies\FreeImage\Source\LibTIFF4\tif_ojpeg.c(617,14): message : consider using '%Iu' in the format string
C:\Users\danip\Desktop\CGJ-TeamProject\dependencies\FreeImage\Source\LibTIFF4\tif_ojpeg.c(617,14): message : consider using '%I64u' in the format string
C:\Users\danip\Desktop\CGJ-TeamProject\dependencies\FreeImage\Source\LibTIFF4\tif_ojpeg.c(619,14): warning C4477: 'fprintf' : format string '%lu' requires an argument of type 'unsigned long', but variadic argument 1 has type 'uint64'
C:\Users\danip\Desktop\CGJ-TeamProject\dependencies\FreeImage\Source\LibTIFF4\tif_ojpeg.c(619,14): message : consider using '%llu' in the format string
C:\Users\danip\Desktop\CGJ-TeamProject\dependencies\FreeImage\Source\LibTIFF4\tif_ojpeg.c(619,14): message : consider using '%Iu' in the format string
C:\Users\danip\Desktop\CGJ-TeamProject\dependencies\FreeImage\Source\LibTIFF4\tif_ojpeg.c(619,14): message : consider using '%I64u' in the format string
C:\Users\danip\Desktop\CGJ-TeamProject\dependencies\FreeImage\Source\LibTIFF4\tif_ojpeg.c(624,15): warning C4477: 'fprintf' : format string '%lu' requires an argument of type 'unsigned long', but variadic argument 1 has type 'uint64'
C:\Users\danip\Desktop\CGJ-TeamProject\dependencies\FreeImage\Source\LibTIFF4\tif_ojpeg.c(624,15): message : consider using '%llu' in the format string
C:\Users\danip\Desktop\CGJ-TeamProject\dependencies\FreeImage\Source\LibTIFF4\tif_ojpeg.c(624,15): message : consider using '%Iu' in the format string
C:\Users\danip\Desktop\CGJ-TeamProject\dependencies\FreeImage\Source\LibTIFF4\tif_ojpeg.c(624,15): message : consider using '%I64u' in the format string
C:\Users\danip\Desktop\CGJ-TeamProject\dependencies\FreeImage\Source\LibTIFF4\tif_ojpeg.c(631,15): warning C4477: 'fprintf' : format string '%lu' requires an argument of type 'unsigned long', but variadic argument 1 has type 'uint64'
C:\Users\danip\Desktop\CGJ-TeamProject\dependencies\FreeImage\Source\LibTIFF4\tif_ojpeg.c(631,15): message : consider using '%llu' in the format string
C:\Users\danip\Desktop\CGJ-TeamProject\dependencies\FreeImage\Source\LibTIFF4\tif_ojpeg.c(631,15): message : consider using '%Iu' in the format string
C:\Users\danip\Desktop\CGJ-TeamProject\dependencies\FreeImage\Source\LibTIFF4\tif_ojpeg.c(631,15): message : consider using '%I64u' in the format string
C:\Users\danip\Desktop\CGJ-TeamProject\dependencies\FreeImage\Source\LibTIFF4\tif_ojpeg.c(638,15): warning C4477: 'fprintf' : format string '%lu' requires an argument of type 'unsigned long', but variadic argument 1 has type 'uint64'
C:\Users\danip\Desktop\CGJ-TeamProject\dependencies\FreeImage\Source\LibTIFF4\tif_ojpeg.c(638,15): message : consider using '%llu' in the format string
C:\Users\danip\Desktop\CGJ-TeamProject\dependencies\FreeImage\Source\LibTIFF4\tif_ojpeg.c(638,15): message : consider using '%Iu' in the format string
C:\Users\danip\Desktop\CGJ-TeamProject\dependencies\FreeImage\Source\LibTIFF4\tif_ojpeg.c(638,15): message : consider using '%I64u' in the format string
  tif_open.c
  tif_packbits.c
  tif_pixarlog.c
  tif_predict.c
  tif_print.c
  tif_read.c
  tif_strip.c
  tif_swab.c
  tif_thunder.c
  tif_tile.c
  tif_version.c
  tif_warning.c
  tif_write.c
  tif_zip.c
  Generating Code...
  LibTIFF4.2017.vcxproj -> C:\Users\danip\Desktop\CGJ-TeamProject\dependencies\FreeImage\Source\LibTIFF4\.\x64\Release\LibTIFF4.lib
