c:\users\danip\desktop\cgj-teamproject\dependencies\freeimage\source\libwebp\win32\debug\libwebp.pdb
c:\users\danip\desktop\cgj-teamproject\dependencies\freeimage\source\libwebp\win32\debug\cost_mips_dsp_r2.obj
c:\users\danip\desktop\cgj-teamproject\dependencies\freeimage\source\libwebp\win32\debug\cost_mips32.obj
c:\users\danip\desktop\cgj-teamproject\dependencies\freeimage\source\libwebp\win32\debug\cost.obj
c:\users\danip\desktop\cgj-teamproject\dependencies\freeimage\source\libwebp\win32\debug\alpha_processing_sse41.obj
c:\users\danip\desktop\cgj-teamproject\dependencies\freeimage\source\libwebp\win32\debug\alpha_processing_sse2.obj
c:\users\danip\desktop\cgj-teamproject\dependencies\freeimage\source\libwebp\win32\debug\alpha_processing_neon.obj
c:\users\danip\desktop\cgj-teamproject\dependencies\freeimage\source\libwebp\win32\debug\alpha_processing_mips_dsp_r2.obj
c:\users\danip\desktop\cgj-teamproject\dependencies\freeimage\source\libwebp\win32\debug\alpha_processing.obj
c:\users\danip\desktop\cgj-teamproject\dependencies\freeimage\source\libwebp\win32\debug\demux.obj
c:\users\danip\desktop\cgj-teamproject\dependencies\freeimage\source\libwebp\win32\debug\anim_decode.obj
c:\users\danip\desktop\cgj-teamproject\dependencies\freeimage\source\libwebp\win32\debug\webp_dec.obj
c:\users\danip\desktop\cgj-teamproject\dependencies\freeimage\source\libwebp\win32\debug\vp8_dec.obj
c:\users\danip\desktop\cgj-teamproject\dependencies\freeimage\source\libwebp\win32\debug\vp8l_dec.obj
c:\users\danip\desktop\cgj-teamproject\dependencies\freeimage\source\libwebp\win32\debug\tree_dec.obj
c:\users\danip\desktop\cgj-teamproject\dependencies\freeimage\source\libwebp\win32\debug\quant_dec.obj
c:\users\danip\desktop\cgj-teamproject\dependencies\freeimage\source\libwebp\win32\debug\io_dec.obj
c:\users\danip\desktop\cgj-teamproject\dependencies\freeimage\source\libwebp\win32\debug\idec_dec.obj
c:\users\danip\desktop\cgj-teamproject\dependencies\freeimage\source\libwebp\win32\debug\frame_dec.obj
c:\users\danip\desktop\cgj-teamproject\dependencies\freeimage\source\libwebp\win32\debug\buffer_dec.obj
c:\users\danip\desktop\cgj-teamproject\dependencies\freeimage\source\libwebp\win32\debug\alpha_dec.obj
c:\users\danip\desktop\cgj-teamproject\dependencies\freeimage\source\libwebp\win32\debug\filters_mips_dsp_r2.obj
c:\users\danip\desktop\cgj-teamproject\dependencies\freeimage\source\libwebp\win32\debug\filters.obj
c:\users\danip\desktop\cgj-teamproject\dependencies\freeimage\source\libwebp\win32\debug\enc_sse41.obj
c:\users\danip\desktop\cgj-teamproject\dependencies\freeimage\source\libwebp\win32\debug\enc_sse2.obj
c:\users\danip\desktop\cgj-teamproject\dependencies\freeimage\source\libwebp\win32\debug\enc_neon.obj
c:\users\danip\desktop\cgj-teamproject\dependencies\freeimage\source\libwebp\win32\debug\enc_msa.obj
c:\users\danip\desktop\cgj-teamproject\dependencies\freeimage\source\libwebp\win32\debug\enc_mips_dsp_r2.obj
c:\users\danip\desktop\cgj-teamproject\dependencies\freeimage\source\libwebp\win32\debug\enc_mips32.obj
c:\users\danip\desktop\cgj-teamproject\dependencies\freeimage\source\libwebp\win32\debug\enc_avx2.obj
c:\users\danip\desktop\cgj-teamproject\dependencies\freeimage\source\libwebp\win32\debug\enc.obj
c:\users\danip\desktop\cgj-teamproject\dependencies\freeimage\source\libwebp\win32\debug\dec_sse41.obj
c:\users\danip\desktop\cgj-teamproject\dependencies\freeimage\source\libwebp\win32\debug\dec_sse2.obj
c:\users\danip\desktop\cgj-teamproject\dependencies\freeimage\source\libwebp\win32\debug\dec_neon.obj
c:\users\danip\desktop\cgj-teamproject\dependencies\freeimage\source\libwebp\win32\debug\dec_msa.obj
c:\users\danip\desktop\cgj-teamproject\dependencies\freeimage\source\libwebp\win32\debug\dec_mips_dsp_r2.obj
c:\users\danip\desktop\cgj-teamproject\dependencies\freeimage\source\libwebp\win32\debug\dec_mips32.obj
c:\users\danip\desktop\cgj-teamproject\dependencies\freeimage\source\libwebp\win32\debug\dec_clip_tables.obj
c:\users\danip\desktop\cgj-teamproject\dependencies\freeimage\source\libwebp\win32\debug\dec.obj
c:\users\danip\desktop\cgj-teamproject\dependencies\freeimage\source\libwebp\win32\debug\cpu.obj
c:\users\danip\desktop\cgj-teamproject\dependencies\freeimage\source\libwebp\win32\debug\cost_sse2.obj
c:\users\danip\desktop\cgj-teamproject\dependencies\freeimage\source\libwebp\win32\debug\rescaler_neon.obj
c:\users\danip\desktop\cgj-teamproject\dependencies\freeimage\source\libwebp\win32\debug\rescaler_msa.obj
c:\users\danip\desktop\cgj-teamproject\dependencies\freeimage\source\libwebp\win32\debug\rescaler_mips_dsp_r2.obj
c:\users\danip\desktop\cgj-teamproject\dependencies\freeimage\source\libwebp\win32\debug\rescaler_mips32.obj
c:\users\danip\desktop\cgj-teamproject\dependencies\freeimage\source\libwebp\win32\debug\rescaler.obj
c:\users\danip\desktop\cgj-teamproject\dependencies\freeimage\source\libwebp\win32\debug\lossless_sse2.obj
c:\users\danip\desktop\cgj-teamproject\dependencies\freeimage\source\libwebp\win32\debug\lossless_neon.obj
c:\users\danip\desktop\cgj-teamproject\dependencies\freeimage\source\libwebp\win32\debug\lossless_msa.obj
c:\users\danip\desktop\cgj-teamproject\dependencies\freeimage\source\libwebp\win32\debug\lossless_mips_dsp_r2.obj
c:\users\danip\desktop\cgj-teamproject\dependencies\freeimage\source\libwebp\win32\debug\lossless_enc_sse41.obj
c:\users\danip\desktop\cgj-teamproject\dependencies\freeimage\source\libwebp\win32\debug\lossless_enc_sse2.obj
c:\users\danip\desktop\cgj-teamproject\dependencies\freeimage\source\libwebp\win32\debug\lossless_enc_neon.obj
c:\users\danip\desktop\cgj-teamproject\dependencies\freeimage\source\libwebp\win32\debug\lossless_enc_msa.obj
c:\users\danip\desktop\cgj-teamproject\dependencies\freeimage\source\libwebp\win32\debug\lossless_enc_mips_dsp_r2.obj
c:\users\danip\desktop\cgj-teamproject\dependencies\freeimage\source\libwebp\win32\debug\lossless_enc_mips32.obj
c:\users\danip\desktop\cgj-teamproject\dependencies\freeimage\source\libwebp\win32\debug\lossless_enc.obj
c:\users\danip\desktop\cgj-teamproject\dependencies\freeimage\source\libwebp\win32\debug\lossless.obj
c:\users\danip\desktop\cgj-teamproject\dependencies\freeimage\source\libwebp\win32\debug\filters_sse2.obj
c:\users\danip\desktop\cgj-teamproject\dependencies\freeimage\source\libwebp\win32\debug\filters_neon.obj
c:\users\danip\desktop\cgj-teamproject\dependencies\freeimage\source\libwebp\win32\debug\filters_msa.obj
c:\users\danip\desktop\cgj-teamproject\dependencies\freeimage\source\libwebp\win32\debug\config_enc.obj
c:\users\danip\desktop\cgj-teamproject\dependencies\freeimage\source\libwebp\win32\debug\backward_references_enc.obj
c:\users\danip\desktop\cgj-teamproject\dependencies\freeimage\source\libwebp\win32\debug\backward_references_cost_enc.obj
c:\users\danip\desktop\cgj-teamproject\dependencies\freeimage\source\libwebp\win32\debug\analysis_enc.obj
c:\users\danip\desktop\cgj-teamproject\dependencies\freeimage\source\libwebp\win32\debug\alpha_enc.obj
c:\users\danip\desktop\cgj-teamproject\dependencies\freeimage\source\libwebp\win32\debug\yuv_sse41.obj
c:\users\danip\desktop\cgj-teamproject\dependencies\freeimage\source\libwebp\win32\debug\yuv_sse2.obj
c:\users\danip\desktop\cgj-teamproject\dependencies\freeimage\source\libwebp\win32\debug\yuv_neon.obj
c:\users\danip\desktop\cgj-teamproject\dependencies\freeimage\source\libwebp\win32\debug\yuv_mips_dsp_r2.obj
c:\users\danip\desktop\cgj-teamproject\dependencies\freeimage\source\libwebp\win32\debug\yuv_mips32.obj
c:\users\danip\desktop\cgj-teamproject\dependencies\freeimage\source\libwebp\win32\debug\yuv.obj
c:\users\danip\desktop\cgj-teamproject\dependencies\freeimage\source\libwebp\win32\debug\upsampling_sse41.obj
c:\users\danip\desktop\cgj-teamproject\dependencies\freeimage\source\libwebp\win32\debug\upsampling_sse2.obj
c:\users\danip\desktop\cgj-teamproject\dependencies\freeimage\source\libwebp\win32\debug\upsampling_neon.obj
c:\users\danip\desktop\cgj-teamproject\dependencies\freeimage\source\libwebp\win32\debug\upsampling_msa.obj
c:\users\danip\desktop\cgj-teamproject\dependencies\freeimage\source\libwebp\win32\debug\upsampling_mips_dsp_r2.obj
c:\users\danip\desktop\cgj-teamproject\dependencies\freeimage\source\libwebp\win32\debug\upsampling.obj
c:\users\danip\desktop\cgj-teamproject\dependencies\freeimage\source\libwebp\win32\debug\ssim_sse2.obj
c:\users\danip\desktop\cgj-teamproject\dependencies\freeimage\source\libwebp\win32\debug\ssim.obj
c:\users\danip\desktop\cgj-teamproject\dependencies\freeimage\source\libwebp\win32\debug\rescaler_sse2.obj
c:\users\danip\desktop\cgj-teamproject\dependencies\freeimage\source\libwebp\win32\debug\muxedit.obj
c:\users\danip\desktop\cgj-teamproject\dependencies\freeimage\source\libwebp\win32\debug\anim_encode.obj
c:\users\danip\desktop\cgj-teamproject\dependencies\freeimage\source\libwebp\win32\debug\webp_enc.obj
c:\users\danip\desktop\cgj-teamproject\dependencies\freeimage\source\libwebp\win32\debug\vp8l_enc.obj
c:\users\danip\desktop\cgj-teamproject\dependencies\freeimage\source\libwebp\win32\debug\tree_enc.obj
c:\users\danip\desktop\cgj-teamproject\dependencies\freeimage\source\libwebp\win32\debug\token_enc.obj
c:\users\danip\desktop\cgj-teamproject\dependencies\freeimage\source\libwebp\win32\debug\syntax_enc.obj
c:\users\danip\desktop\cgj-teamproject\dependencies\freeimage\source\libwebp\win32\debug\quant_enc.obj
c:\users\danip\desktop\cgj-teamproject\dependencies\freeimage\source\libwebp\win32\debug\predictor_enc.obj
c:\users\danip\desktop\cgj-teamproject\dependencies\freeimage\source\libwebp\win32\debug\picture_tools_enc.obj
c:\users\danip\desktop\cgj-teamproject\dependencies\freeimage\source\libwebp\win32\debug\picture_rescale_enc.obj
c:\users\danip\desktop\cgj-teamproject\dependencies\freeimage\source\libwebp\win32\debug\picture_psnr_enc.obj
c:\users\danip\desktop\cgj-teamproject\dependencies\freeimage\source\libwebp\win32\debug\picture_enc.obj
c:\users\danip\desktop\cgj-teamproject\dependencies\freeimage\source\libwebp\win32\debug\picture_csp_enc.obj
c:\users\danip\desktop\cgj-teamproject\dependencies\freeimage\source\libwebp\win32\debug\near_lossless_enc.obj
c:\users\danip\desktop\cgj-teamproject\dependencies\freeimage\source\libwebp\win32\debug\iterator_enc.obj
c:\users\danip\desktop\cgj-teamproject\dependencies\freeimage\source\libwebp\win32\debug\histogram_enc.obj
c:\users\danip\desktop\cgj-teamproject\dependencies\freeimage\source\libwebp\win32\debug\frame_enc.obj
c:\users\danip\desktop\cgj-teamproject\dependencies\freeimage\source\libwebp\win32\debug\filter_enc.obj
c:\users\danip\desktop\cgj-teamproject\dependencies\freeimage\source\libwebp\win32\debug\cost_enc.obj
c:\users\danip\desktop\cgj-teamproject\dependencies\freeimage\source\libwebp\win32\debug\utils.obj
c:\users\danip\desktop\cgj-teamproject\dependencies\freeimage\source\libwebp\win32\debug\thread_utils.obj
c:\users\danip\desktop\cgj-teamproject\dependencies\freeimage\source\libwebp\win32\debug\rescaler_utils.obj
c:\users\danip\desktop\cgj-teamproject\dependencies\freeimage\source\libwebp\win32\debug\random_utils.obj
c:\users\danip\desktop\cgj-teamproject\dependencies\freeimage\source\libwebp\win32\debug\quant_levels_utils.obj
c:\users\danip\desktop\cgj-teamproject\dependencies\freeimage\source\libwebp\win32\debug\quant_levels_dec_utils.obj
c:\users\danip\desktop\cgj-teamproject\dependencies\freeimage\source\libwebp\win32\debug\huffman_utils.obj
c:\users\danip\desktop\cgj-teamproject\dependencies\freeimage\source\libwebp\win32\debug\huffman_encode_utils.obj
c:\users\danip\desktop\cgj-teamproject\dependencies\freeimage\source\libwebp\win32\debug\filters_utils.obj
c:\users\danip\desktop\cgj-teamproject\dependencies\freeimage\source\libwebp\win32\debug\color_cache_utils.obj
c:\users\danip\desktop\cgj-teamproject\dependencies\freeimage\source\libwebp\win32\debug\bit_writer_utils.obj
c:\users\danip\desktop\cgj-teamproject\dependencies\freeimage\source\libwebp\win32\debug\bit_reader_utils.obj
c:\users\danip\desktop\cgj-teamproject\dependencies\freeimage\source\libwebp\win32\debug\muxread.obj
c:\users\danip\desktop\cgj-teamproject\dependencies\freeimage\source\libwebp\win32\debug\muxinternal.obj
c:\users\danip\desktop\cgj-teamproject\dependencies\freeimage\source\libwebp\win32\debug\libwebp.lib
c:\users\danip\desktop\cgj-teamproject\dependencies\freeimage\source\libwebp\win32\debug\libwebp.tlog\cl.command.1.tlog
c:\users\danip\desktop\cgj-teamproject\dependencies\freeimage\source\libwebp\win32\debug\libwebp.tlog\cl.read.1.tlog
c:\users\danip\desktop\cgj-teamproject\dependencies\freeimage\source\libwebp\win32\debug\libwebp.tlog\cl.write.1.tlog
c:\users\danip\desktop\cgj-teamproject\dependencies\freeimage\source\libwebp\win32\debug\libwebp.tlog\lib-link.read.1.tlog
c:\users\danip\desktop\cgj-teamproject\dependencies\freeimage\source\libwebp\win32\debug\libwebp.tlog\lib-link.write.1.tlog
c:\users\danip\desktop\cgj-teamproject\dependencies\freeimage\source\libwebp\win32\debug\libwebp.tlog\lib.command.1.tlog
