  jaricom.c
  jcapimin.c
  jcapistd.c
  jcarith.c
  jccoefct.c
  jccolor.c
  jcdctmgr.c
  jchuff.c
  jcinit.c
  jcmainct.c
  jcmarker.c
  jcmaster.c
  jcomapi.c
  jcparam.c
  jcprepct.c
  jcsample.c
  jctrans.c
  jdapimin.c
  jdapistd.c
  jdarith.c
  Generating Code...
  Compiling...
  jdatadst.c
C:\Users\danip\Desktop\CGJ-TeamProject\dependencies\FreeImage\Source\LibJPEG\jdatadst.c(185,60): warning C4267: '=': conversion from 'size_t' to 'unsigned long', possible loss of data
  jdatasrc.c
  jdcoefct.c
  jdcolor.c
  jddctmgr.c
  jdhuff.c
  jdinput.c
  jdmainct.c
  jdmarker.c
  jdmaster.c
  jdmerge.c
  jdpostct.c
  jdsample.c
  jdtrans.c
  jerror.c
  jfdctflt.c
  jfdctfst.c
  jfdctint.c
  jidctflt.c
  jidctfst.c
  Generating Code...
  Compiling...
  jidctint.c
  jmemmgr.c
C:\Users\danip\Desktop\CGJ-TeamProject\dependencies\FreeImage\Source\LibJPEG\jmemmgr.c(307,53): warning C4267: '+=': conversion from 'size_t' to 'long', possible loss of data
C:\Users\danip\Desktop\CGJ-TeamProject\dependencies\FreeImage\Source\LibJPEG\jmemmgr.c(367,70): warning C4267: '+=': conversion from 'size_t' to 'long', possible loss of data
C:\Users\danip\Desktop\CGJ-TeamProject\dependencies\FreeImage\Source\LibJPEG\jmemmgr.c(977,46): warning C4267: '-=': conversion from 'size_t' to 'long', possible loss of data
C:\Users\danip\Desktop\CGJ-TeamProject\dependencies\FreeImage\Source\LibJPEG\jmemmgr.c(991,46): warning C4267: '-=': conversion from 'size_t' to 'long', possible loss of data
  jmemnobs.c
  jquant1.c
  jquant2.c
  jutils.c
  transupp.c
  Generating Code...
  LibJPEG.2017.vcxproj -> C:\Users\danip\Desktop\CGJ-TeamProject\dependencies\FreeImage\Source\LibJPEG\.\x64\Release\LibJPEG.lib
