  decode.c
  JXRTranscode.c
  postprocess.c
  segdec.c
  strdec.c
  strdec_x86.c
  strInvTransform.c
  strPredQuantDec.c
  encode.c
  segenc.c
  strenc.c
  strenc_x86.c
  strFwdTransform.c
  strPredQuantEnc.c
  adapthuff.c
  image.c
  strcodec.c
  strPredQuant.c
  strTransform.c
  JXRGlue.c
  Generating Code...
  Compiling...
  JXRGlueJxr.c
  JXRGluePFC.c
  JXRMeta.c
  Generating Code...
  LibJXR.2017.vcxproj -> C:\Users\danip\Desktop\CGJ-TeamProject\dependencies\FreeImage\Source\LibJXR\.\x64\Release\LibJXR.lib
