c:\users\danip\desktop\cgj-teamproject\dependencies\freeimage\source\libtiff4\win32\debug\libtiff4.pdb
c:\users\danip\desktop\cgj-teamproject\dependencies\freeimage\source\libtiff4\win32\debug\libtiff4.idb
c:\users\danip\desktop\cgj-teamproject\dependencies\freeimage\source\libtiff4\win32\debug\tif_lzw.obj
c:\users\danip\desktop\cgj-teamproject\dependencies\freeimage\source\libtiff4\win32\debug\tif_lzma.obj
c:\users\danip\desktop\cgj-teamproject\dependencies\freeimage\source\libtiff4\win32\debug\tif_luv.obj
c:\users\danip\desktop\cgj-teamproject\dependencies\freeimage\source\libtiff4\win32\debug\tif_jpeg.obj
c:\users\danip\desktop\cgj-teamproject\dependencies\freeimage\source\libtiff4\win32\debug\tif_getimage.obj
c:\users\danip\desktop\cgj-teamproject\dependencies\freeimage\source\libtiff4\win32\debug\tif_flush.obj
c:\users\danip\desktop\cgj-teamproject\dependencies\freeimage\source\libtiff4\win32\debug\tif_fax3sm.obj
c:\users\danip\desktop\cgj-teamproject\dependencies\freeimage\source\libtiff4\win32\debug\tif_fax3.obj
c:\users\danip\desktop\cgj-teamproject\dependencies\freeimage\source\libtiff4\win32\debug\tif_extension.obj
c:\users\danip\desktop\cgj-teamproject\dependencies\freeimage\source\libtiff4\win32\debug\tif_error.obj
c:\users\danip\desktop\cgj-teamproject\dependencies\freeimage\source\libtiff4\win32\debug\tif_dumpmode.obj
c:\users\danip\desktop\cgj-teamproject\dependencies\freeimage\source\libtiff4\win32\debug\tif_dirwrite.obj
c:\users\danip\desktop\cgj-teamproject\dependencies\freeimage\source\libtiff4\win32\debug\tif_dirread.obj
c:\users\danip\desktop\cgj-teamproject\dependencies\freeimage\source\libtiff4\win32\debug\tif_dirinfo.obj
c:\users\danip\desktop\cgj-teamproject\dependencies\freeimage\source\libtiff4\win32\debug\tif_dir.obj
c:\users\danip\desktop\cgj-teamproject\dependencies\freeimage\source\libtiff4\win32\debug\tif_compress.obj
c:\users\danip\desktop\cgj-teamproject\dependencies\freeimage\source\libtiff4\win32\debug\tif_color.obj
c:\users\danip\desktop\cgj-teamproject\dependencies\freeimage\source\libtiff4\win32\debug\tif_codec.obj
c:\users\danip\desktop\cgj-teamproject\dependencies\freeimage\source\libtiff4\win32\debug\tif_close.obj
c:\users\danip\desktop\cgj-teamproject\dependencies\freeimage\source\libtiff4\win32\debug\tif_aux.obj
c:\users\danip\desktop\cgj-teamproject\dependencies\freeimage\source\libtiff4\win32\debug\tif_zip.obj
c:\users\danip\desktop\cgj-teamproject\dependencies\freeimage\source\libtiff4\win32\debug\tif_write.obj
c:\users\danip\desktop\cgj-teamproject\dependencies\freeimage\source\libtiff4\win32\debug\tif_warning.obj
c:\users\danip\desktop\cgj-teamproject\dependencies\freeimage\source\libtiff4\win32\debug\tif_version.obj
c:\users\danip\desktop\cgj-teamproject\dependencies\freeimage\source\libtiff4\win32\debug\tif_tile.obj
c:\users\danip\desktop\cgj-teamproject\dependencies\freeimage\source\libtiff4\win32\debug\tif_thunder.obj
c:\users\danip\desktop\cgj-teamproject\dependencies\freeimage\source\libtiff4\win32\debug\tif_swab.obj
c:\users\danip\desktop\cgj-teamproject\dependencies\freeimage\source\libtiff4\win32\debug\tif_strip.obj
c:\users\danip\desktop\cgj-teamproject\dependencies\freeimage\source\libtiff4\win32\debug\tif_read.obj
c:\users\danip\desktop\cgj-teamproject\dependencies\freeimage\source\libtiff4\win32\debug\tif_print.obj
c:\users\danip\desktop\cgj-teamproject\dependencies\freeimage\source\libtiff4\win32\debug\tif_predict.obj
c:\users\danip\desktop\cgj-teamproject\dependencies\freeimage\source\libtiff4\win32\debug\tif_pixarlog.obj
c:\users\danip\desktop\cgj-teamproject\dependencies\freeimage\source\libtiff4\win32\debug\tif_packbits.obj
c:\users\danip\desktop\cgj-teamproject\dependencies\freeimage\source\libtiff4\win32\debug\tif_open.obj
c:\users\danip\desktop\cgj-teamproject\dependencies\freeimage\source\libtiff4\win32\debug\tif_ojpeg.obj
c:\users\danip\desktop\cgj-teamproject\dependencies\freeimage\source\libtiff4\win32\debug\tif_next.obj
c:\users\danip\desktop\cgj-teamproject\dependencies\freeimage\source\libtiff4\win32\debug\libtiff4.lib
c:\users\danip\desktop\cgj-teamproject\dependencies\freeimage\source\libtiff4\win32\debug\libtiff4.tlog\cl.command.1.tlog
c:\users\danip\desktop\cgj-teamproject\dependencies\freeimage\source\libtiff4\win32\debug\libtiff4.tlog\cl.read.1.tlog
c:\users\danip\desktop\cgj-teamproject\dependencies\freeimage\source\libtiff4\win32\debug\libtiff4.tlog\cl.write.1.tlog
c:\users\danip\desktop\cgj-teamproject\dependencies\freeimage\source\libtiff4\win32\debug\libtiff4.tlog\lib-link.read.1.tlog
c:\users\danip\desktop\cgj-teamproject\dependencies\freeimage\source\libtiff4\win32\debug\libtiff4.tlog\lib-link.write.1.tlog
c:\users\danip\desktop\cgj-teamproject\dependencies\freeimage\source\libtiff4\win32\debug\libtiff4.tlog\lib.command.1.tlog
