  IexMathFpu.cpp
  b44ExpLogTable.cpp
  ImfAcesFile.cpp
C:\Users\danip\Desktop\CGJ-TeamProject\dependencies\FreeImage\Source\OpenEXR\IlmImf\ImfAcesFile.cpp(58,11): warning C4305: 'argument': truncation from 'double' to 'T'
          with
          [
              T=float
          ]
C:\Users\danip\Desktop\CGJ-TeamProject\dependencies\FreeImage\Source\OpenEXR\IlmImf\ImfAcesFile.cpp(426,49): warning C4305: 'argument': truncation from 'double' to 'T'
          with
          [
              T=float
          ]
C:\Users\danip\Desktop\CGJ-TeamProject\dependencies\FreeImage\Source\OpenEXR\IlmImf\ImfAcesFile.cpp(432,49): warning C4305: 'argument': truncation from 'double' to 'T'
          with
          [
              T=float
          ]
  ImfAttribute.cpp
  ImfB44Compressor.cpp
C:\Users\danip\Desktop\CGJ-TeamProject\dependencies\FreeImage\Source\OpenEXR\IlmImf\ImfB44Compressor.cpp(486,1): warning C4267: 'initializing': conversion from 'size_t' to 'int', possible loss of data
C:\Users\danip\Desktop\CGJ-TeamProject\dependencies\FreeImage\Source\OpenEXR\IlmImf\ImfB44Compressor.cpp(862,19): warning C4244: 'return': conversion from '__int64' to 'int', possible loss of data
C:\Users\danip\Desktop\CGJ-TeamProject\dependencies\FreeImage\Source\OpenEXR\IlmImf\ImfB44Compressor.cpp(1068,19): warning C4244: 'return': conversion from '__int64' to 'int', possible loss of data
  ImfBoxAttribute.cpp
  ImfChannelList.cpp
  ImfChannelListAttribute.cpp
  ImfChromaticities.cpp
  ImfChromaticitiesAttribute.cpp
  ImfCompositeDeepScanLine.cpp
C:\Users\danip\Desktop\CGJ-TeamProject\dependencies\FreeImage\Source\OpenEXR\IlmImf\ImfCompositeDeepScanLine.cpp(279,64): warning C4267: 'argument': conversion from 'size_t' to '_Ty', possible loss of data
          with
          [
              _Ty=int
          ]
C:\Users\danip\Desktop\CGJ-TeamProject\dependencies\FreeImage\Source\OpenEXR\IlmImf\ImfCompositeDeepScanLine.cpp(375,32): warning C4267: 'argument': conversion from 'size_t' to 'int', possible loss of data
  ImfCompressionAttribute.cpp
  ImfCompressor.cpp
C:\Users\danip\Desktop\CGJ-TeamProject\dependencies\FreeImage\Source\OpenEXR\IlmImf\ImfCompressor.cpp(165,62): warning C4267: 'argument': conversion from 'size_t' to 'int', possible loss of data
C:\Users\danip\Desktop\CGJ-TeamProject\dependencies\FreeImage\Source\OpenEXR\IlmImf\ImfCompressor.cpp(170,62): warning C4267: 'argument': conversion from 'size_t' to 'int', possible loss of data
C:\Users\danip\Desktop\CGJ-TeamProject\dependencies\FreeImage\Source\OpenEXR\IlmImf\ImfCompressor.cpp(216,55): warning C4267: 'argument': conversion from 'size_t' to 'int', possible loss of data
  ImfConvert.cpp
  ImfCRgbaFile.cpp
  ImfDeepCompositing.cpp
C:\Users\danip\Desktop\CGJ-TeamProject\dependencies\FreeImage\Source\OpenEXR\IlmImf\ImfDeepCompositing.cpp(84,48): warning C4244: '+=': conversion from 'double' to 'float', possible loss of data
  ImfDeepFrameBuffer.cpp
C:\Users\danip\Desktop\CGJ-TeamProject\dependencies\FreeImage\Source\OpenEXR\IlmImf\ImfDeepFrameBuffer.cpp(57,1): warning C4267: 'initializing': conversion from 'size_t' to 'int', possible loss of data
  ImfDeepImageStateAttribute.cpp
  ImfDeepScanLineInputFile.cpp
C:\Users\danip\Desktop\CGJ-TeamProject\dependencies\FreeImage\Source\OpenEXR\IlmImf\ImfDeepScanLineInputFile.cpp(343,66): warning C4244: 'argument': conversion from 'Imath_2_2::Int64' to 'int', possible loss of data
C:\Users\danip\Desktop\CGJ-TeamProject\dependencies\FreeImage\Source\OpenEXR\IlmImf\ImfDeepScanLineInputFile.cpp(504,44): warning C4244: 'argument': conversion from 'Imath_2_2::Int64' to 'int', possible loss of data
C:\Users\danip\Desktop\CGJ-TeamProject\dependencies\FreeImage\Source\OpenEXR\IlmImf\ImfDeepScanLineInputFile.cpp(511,52): warning C4244: 'argument': conversion from 'Imath_2_2::Int64' to 'int', possible loss of data
C:\Users\danip\Desktop\CGJ-TeamProject\dependencies\FreeImage\Source\OpenEXR\IlmImf\ImfDeepScanLineInputFile.cpp(518,39): warning C4244: 'argument': conversion from 'Imath_2_2::Int64' to 'int', possible loss of data
C:\Users\danip\Desktop\CGJ-TeamProject\dependencies\FreeImage\Source\OpenEXR\IlmImf\ImfDeepScanLineInputFile.cpp(635,54): warning C4244: 'argument': conversion from 'Imath_2_2::Int64' to 'int', possible loss of data
C:\Users\danip\Desktop\CGJ-TeamProject\dependencies\FreeImage\Source\OpenEXR\IlmImf\ImfDeepScanLineInputFile.cpp(1148,61): warning C4267: '=': conversion from 'size_t' to 'int', possible loss of data
C:\Users\danip\Desktop\CGJ-TeamProject\dependencies\FreeImage\Source\OpenEXR\IlmImf\ImfDeepScanLineInputFile.cpp(1149,61): warning C4267: '=': conversion from 'size_t' to 'int', possible loss of data
C:\Users\danip\Desktop\CGJ-TeamProject\dependencies\FreeImage\Source\OpenEXR\IlmImf\ImfDeepScanLineInputFile.cpp(1471,68): warning C4244: 'argument': conversion from 'Imath_2_2::Int64' to 'int', possible loss of data
C:\Users\danip\Desktop\CGJ-TeamProject\dependencies\FreeImage\Source\OpenEXR\IlmImf\ImfDeepScanLineInputFile.cpp(1515,28): warning C4244: 'argument': conversion from 'Imath_2_2::Int64' to 'int', possible loss of data
C:\Users\danip\Desktop\CGJ-TeamProject\dependencies\FreeImage\Source\OpenEXR\IlmImf\ImfDeepScanLineInputFile.cpp(1549,72): warning C4267: 'initializing': conversion from 'size_t' to 'int', possible loss of data
C:\Users\danip\Desktop\CGJ-TeamProject\dependencies\FreeImage\Source\OpenEXR\IlmImf\ImfDeepScanLineInputFile.cpp(1550,72): warning C4267: 'initializing': conversion from 'size_t' to 'int', possible loss of data
C:\Users\danip\Desktop\CGJ-TeamProject\dependencies\FreeImage\Source\OpenEXR\IlmImf\ImfDeepScanLineInputFile.cpp(1720,48): warning C4244: 'argument': conversion from 'Imath_2_2::Int64' to 'int', possible loss of data
C:\Users\danip\Desktop\CGJ-TeamProject\dependencies\FreeImage\Source\OpenEXR\IlmImf\ImfDeepScanLineInputFile.cpp(1727,60): warning C4267: 'initializing': conversion from 'size_t' to 'int', possible loss of data
C:\Users\danip\Desktop\CGJ-TeamProject\dependencies\FreeImage\Source\OpenEXR\IlmImf\ImfDeepScanLineInputFile.cpp(1728,60): warning C4267: 'initializing': conversion from 'size_t' to 'int', possible loss of data
C:\Users\danip\Desktop\CGJ-TeamProject\dependencies\FreeImage\Source\OpenEXR\IlmImf\ImfDeepScanLineInputFile.cpp(1833,56): warning C4244: 'argument': conversion from 'Imath_2_2::Int64' to 'int', possible loss of data
C:\Users\danip\Desktop\CGJ-TeamProject\dependencies\FreeImage\Source\OpenEXR\IlmImf\ImfDeepScanLineInputFile.cpp(1849,48): warning C4244: 'argument': conversion from 'Imath_2_2::Int64' to 'int', possible loss of data
  ImfDeepScanLineInputPart.cpp
  Generating Code...
  Compiling...
  ImfDeepScanLineOutputFile.cpp
C:\Users\danip\Desktop\CGJ-TeamProject\dependencies\FreeImage\Source\OpenEXR\IlmImf\ImfDeepScanLineOutputFile.cpp(378,48): warning C4244: 'argument': conversion from 'Imath_2_2::Int64' to 'int', possible loss of data
C:\Users\danip\Desktop\CGJ-TeamProject\dependencies\FreeImage\Source\OpenEXR\IlmImf\ImfDeepScanLineOutputFile.cpp(384,37): warning C4244: 'argument': conversion from 'Imath_2_2::Int64' to 'int', possible loss of data
C:\Users\danip\Desktop\CGJ-TeamProject\dependencies\FreeImage\Source\OpenEXR\IlmImf\ImfDeepScanLineOutputFile.cpp(605,63): warning C4267: 'argument': conversion from 'size_t' to 'long', possible loss of data
C:\Users\danip\Desktop\CGJ-TeamProject\dependencies\FreeImage\Source\OpenEXR\IlmImf\ImfDeepScanLineOutputFile.cpp(696,52): warning C4244: 'argument': conversion from 'Imath_2_2::Int64' to 'long', possible loss of data
C:\Users\danip\Desktop\CGJ-TeamProject\dependencies\FreeImage\Source\OpenEXR\IlmImf\ImfDeepScanLineOutputFile.cpp(734,55): warning C4244: 'argument': conversion from 'Imath_2_2::Int64' to 'int', possible loss of data
C:\Users\danip\Desktop\CGJ-TeamProject\dependencies\FreeImage\Source\OpenEXR\IlmImf\ImfDeepScanLineOutputFile.cpp(768,61): warning C4244: 'argument': conversion from 'Imath_2_2::Int64' to 'int', possible loss of data
C:\Users\danip\Desktop\CGJ-TeamProject\dependencies\FreeImage\Source\OpenEXR\IlmImf\ImfDeepScanLineOutputFile.cpp(786,61): warning C4244: 'argument': conversion from 'Imath_2_2::Int64' to 'int', possible loss of data
C:\Users\danip\Desktop\CGJ-TeamProject\dependencies\FreeImage\Source\OpenEXR\IlmImf\ImfDeepScanLineOutputFile.cpp(974,72): warning C4244: 'argument': conversion from 'Imath_2_2::Int64' to 'long', possible loss of data
C:\Users\danip\Desktop\CGJ-TeamProject\dependencies\FreeImage\Source\OpenEXR\IlmImf\ImfDeepScanLineOutputFile.cpp(1096,61): warning C4267: '=': conversion from 'size_t' to 'int', possible loss of data
C:\Users\danip\Desktop\CGJ-TeamProject\dependencies\FreeImage\Source\OpenEXR\IlmImf\ImfDeepScanLineOutputFile.cpp(1097,61): warning C4267: '=': conversion from 'size_t' to 'int', possible loss of data
  ImfDeepScanLineOutputPart.cpp
  ImfDeepTiledInputFile.cpp
C:\Users\danip\Desktop\CGJ-TeamProject\dependencies\FreeImage\Source\OpenEXR\IlmImf\ImfDeepTiledInputFile.cpp(326,24): warning C4244: 'argument': conversion from 'ptrdiff_t' to 'int', possible loss of data
C:\Users\danip\Desktop\CGJ-TeamProject\dependencies\FreeImage\Source\OpenEXR\IlmImf\ImfDeepTiledInputFile.cpp(325,24): warning C4244: 'argument': conversion from 'ptrdiff_t' to 'int', possible loss of data
C:\Users\danip\Desktop\CGJ-TeamProject\dependencies\FreeImage\Source\OpenEXR\IlmImf\ImfDeepTiledInputFile.cpp(418,44): warning C4244: 'argument': conversion from 'Imath_2_2::Int64' to 'int', possible loss of data
C:\Users\danip\Desktop\CGJ-TeamProject\dependencies\FreeImage\Source\OpenEXR\IlmImf\ImfDeepTiledInputFile.cpp(438,52): warning C4244: 'argument': conversion from 'Imath_2_2::Int64' to 'int', possible loss of data
C:\Users\danip\Desktop\CGJ-TeamProject\dependencies\FreeImage\Source\OpenEXR\IlmImf\ImfDeepTiledInputFile.cpp(445,39): warning C4244: 'argument': conversion from 'Imath_2_2::Int64' to 'int', possible loss of data
C:\Users\danip\Desktop\CGJ-TeamProject\dependencies\FreeImage\Source\OpenEXR\IlmImf\ImfDeepTiledInputFile.cpp(493,44): warning C4244: 'argument': conversion from 'Imath_2_2::Int64' to 'int', possible loss of data
C:\Users\danip\Desktop\CGJ-TeamProject\dependencies\FreeImage\Source\OpenEXR\IlmImf\ImfDeepTiledInputFile.cpp(499,35): warning C4244: 'argument': conversion from 'Imath_2_2::Int64' to 'int', possible loss of data
C:\Users\danip\Desktop\CGJ-TeamProject\dependencies\FreeImage\Source\OpenEXR\IlmImf\ImfDeepTiledInputFile.cpp(631,50): warning C4244: 'argument': conversion from 'Imath_2_2::Int64' to 'int', possible loss of data
C:\Users\danip\Desktop\CGJ-TeamProject\dependencies\FreeImage\Source\OpenEXR\IlmImf\ImfDeepTiledInputFile.cpp(1021,52): warning C4244: 'argument': conversion from 'Imath_2_2::Int64' to 'long', possible loss of data
C:\Users\danip\Desktop\CGJ-TeamProject\dependencies\FreeImage\Source\OpenEXR\IlmImf\ImfDeepTiledInputFile.cpp(1495,69): warning C4244: 'argument': conversion from 'Imath_2_2::Int64' to 'int', possible loss of data
C:\Users\danip\Desktop\CGJ-TeamProject\dependencies\FreeImage\Source\OpenEXR\IlmImf\ImfDeepTiledInputFile.cpp(1844,77): warning C4244: 'argument': conversion from 'Imath_2_2::Int64' to 'int', possible loss of data
C:\Users\danip\Desktop\CGJ-TeamProject\dependencies\FreeImage\Source\OpenEXR\IlmImf\ImfDeepTiledInputFile.cpp(1855,61): warning C4244: 'argument': conversion from 'Imath_2_2::Int64' to 'int', possible loss of data
  ImfDeepTiledInputPart.cpp
  ImfDeepTiledOutputFile.cpp
C:\Users\danip\Desktop\CGJ-TeamProject\dependencies\FreeImage\Source\OpenEXR\IlmImf\ImfDeepTiledOutputFile.cpp(554,56): warning C4244: 'argument': conversion from 'Imath_2_2::Int64' to 'int', possible loss of data
C:\Users\danip\Desktop\CGJ-TeamProject\dependencies\FreeImage\Source\OpenEXR\IlmImf\ImfDeepTiledOutputFile.cpp(560,45): warning C4244: 'argument': conversion from 'Imath_2_2::Int64' to 'int', possible loss of data
C:\Users\danip\Desktop\CGJ-TeamProject\dependencies\FreeImage\Source\OpenEXR\IlmImf\ImfDeepTiledOutputFile.cpp(690,53): warning C4244: 'argument': conversion from 'Imath_2_2::Int64' to 'int', possible loss of data
C:\Users\danip\Desktop\CGJ-TeamProject\dependencies\FreeImage\Source\OpenEXR\IlmImf\ImfDeepTiledOutputFile.cpp(689,71): warning C4244: 'argument': conversion from 'Imath_2_2::Int64' to 'int', possible loss of data
C:\Users\danip\Desktop\CGJ-TeamProject\dependencies\FreeImage\Source\OpenEXR\IlmImf\ImfDeepTiledOutputFile.cpp(689,56): warning C4244: 'argument': conversion from 'Imath_2_2::Int64' to 'int', possible loss of data
C:\Users\danip\Desktop\CGJ-TeamProject\dependencies\FreeImage\Source\OpenEXR\IlmImf\ImfDeepTiledOutputFile.cpp(874,41): warning C4244: 'argument': conversion from 'Imath_2_2::Int64' to 'long', possible loss of data
C:\Users\danip\Desktop\CGJ-TeamProject\dependencies\FreeImage\Source\OpenEXR\IlmImf\ImfDeepTiledOutputFile.cpp(970,53): warning C4244: 'argument': conversion from 'Imath_2_2::Int64' to 'int', possible loss of data
C:\Users\danip\Desktop\CGJ-TeamProject\dependencies\FreeImage\Source\OpenEXR\IlmImf\ImfDeepTiledOutputFile.cpp(1010,61): warning C4244: 'argument': conversion from 'Imath_2_2::Int64' to 'int', possible loss of data
C:\Users\danip\Desktop\CGJ-TeamProject\dependencies\FreeImage\Source\OpenEXR\IlmImf\ImfDeepTiledOutputFile.cpp(1243,34): warning C4244: 'argument': conversion from 'Imath_2_2::Int64' to 'long', possible loss of data
C:\Users\danip\Desktop\CGJ-TeamProject\dependencies\FreeImage\Source\OpenEXR\IlmImf\ImfDeepTiledOutputFile.cpp(1362,61): warning C4267: '=': conversion from 'size_t' to 'int', possible loss of data
C:\Users\danip\Desktop\CGJ-TeamProject\dependencies\FreeImage\Source\OpenEXR\IlmImf\ImfDeepTiledOutputFile.cpp(1363,61): warning C4267: '=': conversion from 'size_t' to 'int', possible loss of data
C:\Users\danip\Desktop\CGJ-TeamProject\dependencies\FreeImage\Source\OpenEXR\IlmImf\ImfDeepTiledOutputFile.cpp(1712,38): warning C4267: 'initializing': conversion from 'size_t' to 'int', possible loss of data
  ImfDeepTiledOutputPart.cpp
  ImfDoubleAttribute.cpp
  ImfDwaCompressor.cpp
C:\Users\danip\Desktop\CGJ-TeamProject\dependencies\FreeImage\Source\OpenEXR\IlmImf\ImfDwaCompressor.cpp(702,41): warning C4267: 'initializing': conversion from 'size_t' to 'int', possible loss of data
C:\Users\danip\Desktop\CGJ-TeamProject\dependencies\FreeImage\Source\OpenEXR\IlmImf\ImfDwaCompressor.cpp(756,38): warning C4018: '<': signed/unsigned mismatch
C:\Users\danip\Desktop\CGJ-TeamProject\dependencies\FreeImage\Source\OpenEXR\IlmImf\ImfDwaCompressor.cpp(785,46): warning C4018: '<': signed/unsigned mismatch
C:\Users\danip\Desktop\CGJ-TeamProject\dependencies\FreeImage\Source\OpenEXR\IlmImf\ImfDwaCompressor.cpp(941,46): warning C4018: '<': signed/unsigned mismatch
C:\Users\danip\Desktop\CGJ-TeamProject\dependencies\FreeImage\Source\OpenEXR\IlmImf\ImfDwaCompressor.cpp(1139,38): warning C4018: '<': signed/unsigned mismatch
C:\Users\danip\Desktop\CGJ-TeamProject\dependencies\FreeImage\Source\OpenEXR\IlmImf\ImfDwaCompressor.cpp(1914,54): warning C4267: '+=': conversion from 'size_t' to 'unsigned short', possible loss of data
C:\Users\danip\Desktop\CGJ-TeamProject\dependencies\FreeImage\Source\OpenEXR\IlmImf\ImfDwaCompressor.cpp(2428,36): warning C4267: '-=': conversion from 'size_t' to 'unsigned short', possible loss of data
C:\Users\danip\Desktop\CGJ-TeamProject\dependencies\FreeImage\Source\OpenEXR\IlmImf\ImfDwaCompressor.cpp(2998,50): warning C4267: '+=': conversion from 'size_t' to 'int', possible loss of data
  ImfEnvmap.cpp
  ImfEnvmapAttribute.cpp
  ImfFastHuf.cpp
C:\Users\danip\Desktop\CGJ-TeamProject\dependencies\FreeImage\Source\OpenEXR\IlmImf\ImfFastHuf.cpp(153,24): warning C4244: 'initializing': conversion from 'Imath_2_2::Int64' to 'int', possible loss of data
C:\Users\danip\Desktop\CGJ-TeamProject\dependencies\FreeImage\Source\OpenEXR\IlmImf\ImfFastHuf.cpp(167,24): warning C4244: 'initializing': conversion from 'Imath_2_2::Int64' to 'int', possible loss of data
C:\Users\danip\Desktop\CGJ-TeamProject\dependencies\FreeImage\Source\OpenEXR\IlmImf\ImfFastHuf.cpp(183,34): warning C4244: '=': conversion from 'Imath_2_2::Int64' to 'unsigned char', possible loss of data
C:\Users\danip\Desktop\CGJ-TeamProject\dependencies\FreeImage\Source\OpenEXR\IlmImf\ImfFastHuf.cpp(186,34): warning C4244: '=': conversion from 'Imath_2_2::Int64' to 'unsigned char', possible loss of data
C:\Users\danip\Desktop\CGJ-TeamProject\dependencies\FreeImage\Source\OpenEXR\IlmImf\ImfFastHuf.cpp(193,36): warning C4267: '+=': conversion from 'size_t' to 'int', possible loss of data
C:\Users\danip\Desktop\CGJ-TeamProject\dependencies\FreeImage\Source\OpenEXR\IlmImf\ImfFastHuf.cpp(256,21): warning C4244: 'initializing': conversion from 'unsigned __int64' to 'int', possible loss of data
  ImfFloatAttribute.cpp
  ImfFloatVectorAttribute.cpp
C:\Users\danip\Desktop\CGJ-TeamProject\dependencies\FreeImage\Source\OpenEXR\IlmImf\ImfFloatVectorAttribute.cpp(64,1): warning C4267: 'initializing': conversion from 'size_t' to 'int', possible loss of data
  ImfFrameBuffer.cpp
  ImfFramesPerSecond.cpp
  ImfGenericInputFile.cpp
  ImfGenericOutputFile.cpp
  ImfHeader.cpp
  ImfHuf.cpp
C:\Users\danip\Desktop\CGJ-TeamProject\dependencies\FreeImage\Source\OpenEXR\IlmImf\ImfHuf.cpp(171,14): warning C4244: '=': conversion from 'Imath_2_2::Int64' to 'char', possible loss of data
C:\Users\danip\Desktop\CGJ-TeamProject\dependencies\FreeImage\Source\OpenEXR\IlmImf\ImfHuf.cpp(250,8): warning C4244: 'initializing': conversion from 'Imath_2_2::Int64' to 'int', possible loss of data
C:\Users\danip\Desktop\CGJ-TeamProject\dependencies\FreeImage\Source\OpenEXR\IlmImf\ImfHuf.cpp(375,9): warning C4244: 'initializing': conversion from '__int64' to 'int', possible loss of data
C:\Users\danip\Desktop\CGJ-TeamProject\dependencies\FreeImage\Source\OpenEXR\IlmImf\ImfHuf.cpp(379,8): warning C4244: 'initializing': conversion from '__int64' to 'int', possible loss of data
C:\Users\danip\Desktop\CGJ-TeamProject\dependencies\FreeImage\Source\OpenEXR\IlmImf\ImfHuf.cpp(481,8): warning C4244: 'initializing': conversion from 'Imath_2_2::Int64' to 'int', possible loss of data
C:\Users\danip\Desktop\CGJ-TeamProject\dependencies\FreeImage\Source\OpenEXR\IlmImf\ImfHuf.cpp(550,16): warning C4244: 'initializing': conversion from 'Imath_2_2::Int64' to 'int', possible loss of data
C:\Users\danip\Desktop\CGJ-TeamProject\dependencies\FreeImage\Source\OpenEXR\IlmImf\ImfHuf.cpp(562,16): warning C4244: 'initializing': conversion from 'Imath_2_2::Int64' to 'int', possible loss of data
C:\Users\danip\Desktop\CGJ-TeamProject\dependencies\FreeImage\Source\OpenEXR\IlmImf\ImfHuf.cpp(621,8): warning C4244: 'initializing': conversion from 'Imath_2_2::Int64' to 'int', possible loss of data
C:\Users\danip\Desktop\CGJ-TeamProject\dependencies\FreeImage\Source\OpenEXR\IlmImf\ImfHuf.cpp(679,6): warning C4334: '<<': result of 32-bit shift implicitly converted to 64 bits (was 64-bit shift intended?)
C:\Users\danip\Desktop\CGJ-TeamProject\dependencies\FreeImage\Source\OpenEXR\IlmImf\ImfHuf.cpp(724,27): warning C4244: 'argument': conversion from 'Imath_2_2::Int64' to 'int', possible loss of data
C:\Users\danip\Desktop\CGJ-TeamProject\dependencies\FreeImage\Source\OpenEXR\IlmImf\ImfHuf.cpp(804,33): warning C4244: 'return': conversion from '__int64' to 'int', possible loss of data
C:\Users\danip\Desktop\CGJ-TeamProject\dependencies\FreeImage\Source\OpenEXR\IlmImf\ImfHuf.cpp(900,3): warning C4244: 'initializing': conversion from 'Imath_2_2::Int64' to 'unsigned char', possible loss of data
C:\Users\danip\Desktop\CGJ-TeamProject\dependencies\FreeImage\Source\OpenEXR\IlmImf\ImfHuf.cpp(915,13): warning C4244: 'initializing': conversion from 'Imath_2_2::Int64' to 'int', possible loss of data
C:\Users\danip\Desktop\CGJ-TeamProject\dependencies\FreeImage\Source\OpenEXR\IlmImf\ImfHuf.cpp(930,8): warning C4244: 'initializing': conversion from 'Imath_2_2::Int64' to 'unsigned char', possible loss of data
C:\Users\danip\Desktop\CGJ-TeamProject\dependencies\FreeImage\Source\OpenEXR\IlmImf\ImfHuf.cpp(957,6): warning C4244: 'initializing': conversion from 'Imath_2_2::Int64' to 'unsigned char', possible loss of data
C:\Users\danip\Desktop\CGJ-TeamProject\dependencies\FreeImage\Source\OpenEXR\IlmImf\ImfHuf.cpp(1033,21): warning C4244: 'initializing': conversion from '__int64' to 'int', possible loss of data
C:\Users\danip\Desktop\CGJ-TeamProject\dependencies\FreeImage\Source\OpenEXR\IlmImf\ImfHuf.cpp(1045,35): warning C4244: 'return': conversion from '__int64' to 'int', possible loss of data
C:\Users\danip\Desktop\CGJ-TeamProject\dependencies\FreeImage\Source\OpenEXR\IlmImf\ImfHuf.cpp(1081,46): warning C4244: 'argument': conversion from '__int64' to 'int', possible loss of data
C:\Users\danip\Desktop\CGJ-TeamProject\dependencies\FreeImage\Source\OpenEXR\IlmImf\ImfHuf.cpp(1092,40): warning C4244: 'argument': conversion from '__int64' to 'int', possible loss of data
  ImfInputFile.cpp
  Generating Code...
  Compiling...
  ImfInputPart.cpp
  ImfInputPartData.cpp
  ImfIntAttribute.cpp
  ImfIO.cpp
  ImfKeyCode.cpp
  ImfKeyCodeAttribute.cpp
  ImfLineOrderAttribute.cpp
  ImfLut.cpp
C:\Users\danip\Desktop\CGJ-TeamProject\dependencies\FreeImage\Source\OpenEXR\IlmImf\ImfLut.cpp(156,33): warning C4244: 'initializing': conversion from 'double' to 'float', possible loss of data
C:\Users\danip\Desktop\CGJ-TeamProject\dependencies\FreeImage\Source\OpenEXR\IlmImf\ImfLut.cpp(156,27): warning C4244: 'initializing': conversion from 'double' to 'const float', possible loss of data
C:\Users\danip\Desktop\CGJ-TeamProject\dependencies\FreeImage\Source\OpenEXR\IlmImf\ImfLut.cpp(174,22): warning C4244: 'argument': conversion from 'double' to 'float', possible loss of data
  ImfMatrixAttribute.cpp
  ImfMisc.cpp
C:\Users\danip\Desktop\CGJ-TeamProject\dependencies\FreeImage\Source\OpenEXR\IlmImf\ImfMisc.cpp(240,48): warning C4267: 'argument': conversion from 'size_t' to 'int', possible loss of data
C:\Users\danip\Desktop\CGJ-TeamProject\dependencies\FreeImage\Source\OpenEXR\IlmImf\ImfMisc.cpp(313,38): warning C4244: 'argument': conversion from 'double' to 'float', possible loss of data
C:\Users\danip\Desktop\CGJ-TeamProject\dependencies\FreeImage\Source\OpenEXR\IlmImf\ImfMisc.cpp(558,64): warning C4267: 'initializing': conversion from 'size_t' to 'int', possible loss of data
C:\Users\danip\Desktop\CGJ-TeamProject\dependencies\FreeImage\Source\OpenEXR\IlmImf\ImfMisc.cpp(692,49): warning C4244: 'argument': conversion from 'ptrdiff_t' to 'int', possible loss of data
C:\Users\danip\Desktop\CGJ-TeamProject\dependencies\FreeImage\Source\OpenEXR\IlmImf\ImfMisc.cpp(691,49): warning C4244: 'argument': conversion from 'ptrdiff_t' to 'int', possible loss of data
C:\Users\danip\Desktop\CGJ-TeamProject\dependencies\FreeImage\Source\OpenEXR\IlmImf\ImfMisc.cpp(708,38): warning C4244: 'argument': conversion from 'double' to 'float', possible loss of data
C:\Users\danip\Desktop\CGJ-TeamProject\dependencies\FreeImage\Source\OpenEXR\IlmImf\ImfMisc.cpp(718,49): warning C4244: 'argument': conversion from 'ptrdiff_t' to 'int', possible loss of data
C:\Users\danip\Desktop\CGJ-TeamProject\dependencies\FreeImage\Source\OpenEXR\IlmImf\ImfMisc.cpp(717,49): warning C4244: 'argument': conversion from 'ptrdiff_t' to 'int', possible loss of data
C:\Users\danip\Desktop\CGJ-TeamProject\dependencies\FreeImage\Source\OpenEXR\IlmImf\ImfMisc.cpp(744,49): warning C4244: 'argument': conversion from 'ptrdiff_t' to 'int', possible loss of data
C:\Users\danip\Desktop\CGJ-TeamProject\dependencies\FreeImage\Source\OpenEXR\IlmImf\ImfMisc.cpp(743,49): warning C4244: 'argument': conversion from 'ptrdiff_t' to 'int', possible loss of data
C:\Users\danip\Desktop\CGJ-TeamProject\dependencies\FreeImage\Source\OpenEXR\IlmImf\ImfMisc.cpp(786,45): warning C4244: 'argument': conversion from 'ptrdiff_t' to 'int', possible loss of data
C:\Users\danip\Desktop\CGJ-TeamProject\dependencies\FreeImage\Source\OpenEXR\IlmImf\ImfMisc.cpp(785,45): warning C4244: 'argument': conversion from 'ptrdiff_t' to 'int', possible loss of data
C:\Users\danip\Desktop\CGJ-TeamProject\dependencies\FreeImage\Source\OpenEXR\IlmImf\ImfMisc.cpp(811,45): warning C4244: 'argument': conversion from 'ptrdiff_t' to 'int', possible loss of data
C:\Users\danip\Desktop\CGJ-TeamProject\dependencies\FreeImage\Source\OpenEXR\IlmImf\ImfMisc.cpp(810,45): warning C4244: 'argument': conversion from 'ptrdiff_t' to 'int', possible loss of data
C:\Users\danip\Desktop\CGJ-TeamProject\dependencies\FreeImage\Source\OpenEXR\IlmImf\ImfMisc.cpp(838,45): warning C4244: 'argument': conversion from 'ptrdiff_t' to 'int', possible loss of data
C:\Users\danip\Desktop\CGJ-TeamProject\dependencies\FreeImage\Source\OpenEXR\IlmImf\ImfMisc.cpp(837,45): warning C4244: 'argument': conversion from 'ptrdiff_t' to 'int', possible loss of data
C:\Users\danip\Desktop\CGJ-TeamProject\dependencies\FreeImage\Source\OpenEXR\IlmImf\ImfMisc.cpp(874,45): warning C4244: 'argument': conversion from 'ptrdiff_t' to 'int', possible loss of data
C:\Users\danip\Desktop\CGJ-TeamProject\dependencies\FreeImage\Source\OpenEXR\IlmImf\ImfMisc.cpp(873,45): warning C4244: 'argument': conversion from 'ptrdiff_t' to 'int', possible loss of data
C:\Users\danip\Desktop\CGJ-TeamProject\dependencies\FreeImage\Source\OpenEXR\IlmImf\ImfMisc.cpp(901,45): warning C4244: 'argument': conversion from 'ptrdiff_t' to 'int', possible loss of data
C:\Users\danip\Desktop\CGJ-TeamProject\dependencies\FreeImage\Source\OpenEXR\IlmImf\ImfMisc.cpp(900,45): warning C4244: 'argument': conversion from 'ptrdiff_t' to 'int', possible loss of data
C:\Users\danip\Desktop\CGJ-TeamProject\dependencies\FreeImage\Source\OpenEXR\IlmImf\ImfMisc.cpp(926,45): warning C4244: 'argument': conversion from 'ptrdiff_t' to 'int', possible loss of data
C:\Users\danip\Desktop\CGJ-TeamProject\dependencies\FreeImage\Source\OpenEXR\IlmImf\ImfMisc.cpp(925,45): warning C4244: 'argument': conversion from 'ptrdiff_t' to 'int', possible loss of data
C:\Users\danip\Desktop\CGJ-TeamProject\dependencies\FreeImage\Source\OpenEXR\IlmImf\ImfMisc.cpp(961,45): warning C4244: 'argument': conversion from 'ptrdiff_t' to 'int', possible loss of data
C:\Users\danip\Desktop\CGJ-TeamProject\dependencies\FreeImage\Source\OpenEXR\IlmImf\ImfMisc.cpp(960,45): warning C4244: 'argument': conversion from 'ptrdiff_t' to 'int', possible loss of data
C:\Users\danip\Desktop\CGJ-TeamProject\dependencies\FreeImage\Source\OpenEXR\IlmImf\ImfMisc.cpp(987,45): warning C4244: 'argument': conversion from 'ptrdiff_t' to 'int', possible loss of data
C:\Users\danip\Desktop\CGJ-TeamProject\dependencies\FreeImage\Source\OpenEXR\IlmImf\ImfMisc.cpp(986,45): warning C4244: 'argument': conversion from 'ptrdiff_t' to 'int', possible loss of data
C:\Users\danip\Desktop\CGJ-TeamProject\dependencies\FreeImage\Source\OpenEXR\IlmImf\ImfMisc.cpp(1015,45): warning C4244: 'argument': conversion from 'ptrdiff_t' to 'int', possible loss of data
C:\Users\danip\Desktop\CGJ-TeamProject\dependencies\FreeImage\Source\OpenEXR\IlmImf\ImfMisc.cpp(1014,45): warning C4244: 'argument': conversion from 'ptrdiff_t' to 'int', possible loss of data
C:\Users\danip\Desktop\CGJ-TeamProject\dependencies\FreeImage\Source\OpenEXR\IlmImf\ImfMisc.cpp(1064,45): warning C4244: 'argument': conversion from 'ptrdiff_t' to 'int', possible loss of data
C:\Users\danip\Desktop\CGJ-TeamProject\dependencies\FreeImage\Source\OpenEXR\IlmImf\ImfMisc.cpp(1063,45): warning C4244: 'argument': conversion from 'ptrdiff_t' to 'int', possible loss of data
C:\Users\danip\Desktop\CGJ-TeamProject\dependencies\FreeImage\Source\OpenEXR\IlmImf\ImfMisc.cpp(1092,45): warning C4244: 'argument': conversion from 'ptrdiff_t' to 'int', possible loss of data
C:\Users\danip\Desktop\CGJ-TeamProject\dependencies\FreeImage\Source\OpenEXR\IlmImf\ImfMisc.cpp(1091,45): warning C4244: 'argument': conversion from 'ptrdiff_t' to 'int', possible loss of data
C:\Users\danip\Desktop\CGJ-TeamProject\dependencies\FreeImage\Source\OpenEXR\IlmImf\ImfMisc.cpp(1119,45): warning C4244: 'argument': conversion from 'ptrdiff_t' to 'int', possible loss of data
C:\Users\danip\Desktop\CGJ-TeamProject\dependencies\FreeImage\Source\OpenEXR\IlmImf\ImfMisc.cpp(1118,45): warning C4244: 'argument': conversion from 'ptrdiff_t' to 'int', possible loss of data
C:\Users\danip\Desktop\CGJ-TeamProject\dependencies\FreeImage\Source\OpenEXR\IlmImf\ImfMisc.cpp(1160,45): warning C4244: 'argument': conversion from 'ptrdiff_t' to 'int', possible loss of data
C:\Users\danip\Desktop\CGJ-TeamProject\dependencies\FreeImage\Source\OpenEXR\IlmImf\ImfMisc.cpp(1159,45): warning C4244: 'argument': conversion from 'ptrdiff_t' to 'int', possible loss of data
C:\Users\danip\Desktop\CGJ-TeamProject\dependencies\FreeImage\Source\OpenEXR\IlmImf\ImfMisc.cpp(1191,45): warning C4244: 'argument': conversion from 'ptrdiff_t' to 'int', possible loss of data
C:\Users\danip\Desktop\CGJ-TeamProject\dependencies\FreeImage\Source\OpenEXR\IlmImf\ImfMisc.cpp(1190,45): warning C4244: 'argument': conversion from 'ptrdiff_t' to 'int', possible loss of data
C:\Users\danip\Desktop\CGJ-TeamProject\dependencies\FreeImage\Source\OpenEXR\IlmImf\ImfMisc.cpp(1217,45): warning C4244: 'argument': conversion from 'ptrdiff_t' to 'int', possible loss of data
C:\Users\danip\Desktop\CGJ-TeamProject\dependencies\FreeImage\Source\OpenEXR\IlmImf\ImfMisc.cpp(1216,45): warning C4244: 'argument': conversion from 'ptrdiff_t' to 'int', possible loss of data
C:\Users\danip\Desktop\CGJ-TeamProject\dependencies\FreeImage\Source\OpenEXR\IlmImf\ImfMisc.cpp(1257,45): warning C4244: 'argument': conversion from 'ptrdiff_t' to 'int', possible loss of data
C:\Users\danip\Desktop\CGJ-TeamProject\dependencies\FreeImage\Source\OpenEXR\IlmImf\ImfMisc.cpp(1256,45): warning C4244: 'argument': conversion from 'ptrdiff_t' to 'int', possible loss of data
C:\Users\danip\Desktop\CGJ-TeamProject\dependencies\FreeImage\Source\OpenEXR\IlmImf\ImfMisc.cpp(1288,45): warning C4244: 'argument': conversion from 'ptrdiff_t' to 'int', possible loss of data
C:\Users\danip\Desktop\CGJ-TeamProject\dependencies\FreeImage\Source\OpenEXR\IlmImf\ImfMisc.cpp(1287,45): warning C4244: 'argument': conversion from 'ptrdiff_t' to 'int', possible loss of data
C:\Users\danip\Desktop\CGJ-TeamProject\dependencies\FreeImage\Source\OpenEXR\IlmImf\ImfMisc.cpp(1315,45): warning C4244: 'argument': conversion from 'ptrdiff_t' to 'int', possible loss of data
C:\Users\danip\Desktop\CGJ-TeamProject\dependencies\FreeImage\Source\OpenEXR\IlmImf\ImfMisc.cpp(1314,45): warning C4244: 'argument': conversion from 'ptrdiff_t' to 'int', possible loss of data
C:\Users\danip\Desktop\CGJ-TeamProject\dependencies\FreeImage\Source\OpenEXR\IlmImf\ImfMisc.cpp(1357,76): warning C4267: 'argument': conversion from 'size_t' to 'int', possible loss of data
C:\Users\danip\Desktop\CGJ-TeamProject\dependencies\FreeImage\Source\OpenEXR\IlmImf\ImfMisc.cpp(1362,68): warning C4267: 'argument': conversion from 'size_t' to 'int', possible loss of data
C:\Users\danip\Desktop\CGJ-TeamProject\dependencies\FreeImage\Source\OpenEXR\IlmImf\ImfMisc.cpp(1367,69): warning C4267: 'argument': conversion from 'size_t' to 'int', possible loss of data
C:\Users\danip\Desktop\CGJ-TeamProject\dependencies\FreeImage\Source\OpenEXR\IlmImf\ImfMisc.cpp(1557,36): warning C4244: 'argument': conversion from 'ptrdiff_t' to 'int', possible loss of data
C:\Users\danip\Desktop\CGJ-TeamProject\dependencies\FreeImage\Source\OpenEXR\IlmImf\ImfMisc.cpp(1556,36): warning C4244: 'argument': conversion from 'ptrdiff_t' to 'int', possible loss of data
C:\Users\danip\Desktop\CGJ-TeamProject\dependencies\FreeImage\Source\OpenEXR\IlmImf\ImfMisc.cpp(1578,36): warning C4244: 'argument': conversion from 'ptrdiff_t' to 'int', possible loss of data
C:\Users\danip\Desktop\CGJ-TeamProject\dependencies\FreeImage\Source\OpenEXR\IlmImf\ImfMisc.cpp(1577,36): warning C4244: 'argument': conversion from 'ptrdiff_t' to 'int', possible loss of data
C:\Users\danip\Desktop\CGJ-TeamProject\dependencies\FreeImage\Source\OpenEXR\IlmImf\ImfMisc.cpp(1598,36): warning C4244: 'argument': conversion from 'ptrdiff_t' to 'int', possible loss of data
C:\Users\danip\Desktop\CGJ-TeamProject\dependencies\FreeImage\Source\OpenEXR\IlmImf\ImfMisc.cpp(1597,36): warning C4244: 'argument': conversion from 'ptrdiff_t' to 'int', possible loss of data
C:\Users\danip\Desktop\CGJ-TeamProject\dependencies\FreeImage\Source\OpenEXR\IlmImf\ImfMisc.cpp(1632,36): warning C4244: 'argument': conversion from 'ptrdiff_t' to 'int', possible loss of data
C:\Users\danip\Desktop\CGJ-TeamProject\dependencies\FreeImage\Source\OpenEXR\IlmImf\ImfMisc.cpp(1631,36): warning C4244: 'argument': conversion from 'ptrdiff_t' to 'int', possible loss of data
C:\Users\danip\Desktop\CGJ-TeamProject\dependencies\FreeImage\Source\OpenEXR\IlmImf\ImfMisc.cpp(1655,36): warning C4244: 'argument': conversion from 'ptrdiff_t' to 'int', possible loss of data
C:\Users\danip\Desktop\CGJ-TeamProject\dependencies\FreeImage\Source\OpenEXR\IlmImf\ImfMisc.cpp(1654,36): warning C4244: 'argument': conversion from 'ptrdiff_t' to 'int', possible loss of data
C:\Users\danip\Desktop\CGJ-TeamProject\dependencies\FreeImage\Source\OpenEXR\IlmImf\ImfMisc.cpp(1676,36): warning C4244: 'argument': conversion from 'ptrdiff_t' to 'int', possible loss of data
C:\Users\danip\Desktop\CGJ-TeamProject\dependencies\FreeImage\Source\OpenEXR\IlmImf\ImfMisc.cpp(1675,36): warning C4244: 'argument': conversion from 'ptrdiff_t' to 'int', possible loss of data
  ImfMultiPartInputFile.cpp
C:\Users\danip\Desktop\CGJ-TeamProject\dependencies\FreeImage\Source\OpenEXR\IlmImf\ImfMultiPartInputFile.cpp(427,99): warning C4267: 'argument': conversion from 'size_t' to 'int', possible loss of data
  ImfMultiPartOutputFile.cpp
C:\Users\danip\Desktop\CGJ-TeamProject\dependencies\FreeImage\Source\OpenEXR\IlmImf\ImfMultiPartOutputFile.cpp(221,108): warning C4267: 'argument': conversion from 'size_t' to 'int', possible loss of data
C:\Users\danip\Desktop\CGJ-TeamProject\dependencies\FreeImage\Source\OpenEXR\IlmImf\ImfMultiPartOutputFile.cpp(223,95): warning C4267: 'argument': conversion from 'size_t' to 'int', possible loss of data
C:\Users\danip\Desktop\CGJ-TeamProject\dependencies\FreeImage\Source\OpenEXR\IlmImf\ImfMultiPartOutputFile.cpp(267,108): warning C4267: 'argument': conversion from 'size_t' to 'int', possible loss of data
C:\Users\danip\Desktop\CGJ-TeamProject\dependencies\FreeImage\Source\OpenEXR\IlmImf\ImfMultiPartOutputFile.cpp(269,95): warning C4267: 'argument': conversion from 'size_t' to 'int', possible loss of data
C:\Users\danip\Desktop\CGJ-TeamProject\dependencies\FreeImage\Source\OpenEXR\IlmImf\ImfMultiPartOutputFile.cpp(302,33): warning C4267: 'return': conversion from 'size_t' to 'int', possible loss of data
  ImfMultiView.cpp
C:\Users\danip\Desktop\CGJ-TeamProject\dependencies\FreeImage\Source\OpenEXR\IlmImf\ImfMultiView.cpp(109,14): warning C4267: 'return': conversion from 'size_t' to 'int', possible loss of data
  ImfOpaqueAttribute.cpp
C:\Users\danip\Desktop\CGJ-TeamProject\dependencies\FreeImage\Source\OpenEXR\IlmImf\ImfOpaqueAttribute.cpp(54,1): warning C4267: 'argument': conversion from 'size_t' to 'long', possible loss of data
C:\Users\danip\Desktop\CGJ-TeamProject\dependencies\FreeImage\Source\OpenEXR\IlmImf\ImfOpaqueAttribute.cpp(63,1): warning C4267: 'argument': conversion from 'size_t' to 'long', possible loss of data
  ImfOutputFile.cpp
C:\Users\danip\Desktop\CGJ-TeamProject\dependencies\FreeImage\Source\OpenEXR\IlmImf\ImfOutputFile.cpp(595,66): warning C4244: '=': conversion from '__int64' to 'int', possible loss of data
C:\Users\danip\Desktop\CGJ-TeamProject\dependencies\FreeImage\Source\OpenEXR\IlmImf\ImfOutputFile.cpp(815,72): warning C4267: 'argument': conversion from 'size_t' to 'long', possible loss of data
  ImfOutputPart.cpp
  ImfOutputPartData.cpp
  ImfPartType.cpp
  ImfPizCompressor.cpp
C:\Users\danip\Desktop\CGJ-TeamProject\dependencies\FreeImage\Source\OpenEXR\IlmImf\ImfPizCompressor.cpp(185,1): warning C4267: 'initializing': conversion from 'size_t' to 'int', possible loss of data
C:\Users\danip\Desktop\CGJ-TeamProject\dependencies\FreeImage\Source\OpenEXR\IlmImf\ImfPizCompressor.cpp(429,20): warning C4244: 'argument': conversion from '__int64' to 'int', possible loss of data
C:\Users\danip\Desktop\CGJ-TeamProject\dependencies\FreeImage\Source\OpenEXR\IlmImf\ImfPizCompressor.cpp(435,45): warning C4244: 'argument': conversion from '__int64' to 'int', possible loss of data
C:\Users\danip\Desktop\CGJ-TeamProject\dependencies\FreeImage\Source\OpenEXR\IlmImf\ImfPizCompressor.cpp(476,56): warning C4244: 'argument': conversion from '__int64' to 'int', possible loss of data
C:\Users\danip\Desktop\CGJ-TeamProject\dependencies\FreeImage\Source\OpenEXR\IlmImf\ImfPizCompressor.cpp(480,29): warning C4244: 'return': conversion from '__int64' to 'int', possible loss of data
C:\Users\danip\Desktop\CGJ-TeamProject\dependencies\FreeImage\Source\OpenEXR\IlmImf\ImfPizCompressor.cpp(582,60): warning C4244: 'argument': conversion from '__int64' to 'int', possible loss of data
C:\Users\danip\Desktop\CGJ-TeamProject\dependencies\FreeImage\Source\OpenEXR\IlmImf\ImfPizCompressor.cpp(605,45): warning C4244: 'argument': conversion from '__int64' to 'int', possible loss of data
C:\Users\danip\Desktop\CGJ-TeamProject\dependencies\FreeImage\Source\OpenEXR\IlmImf\ImfPizCompressor.cpp(669,19): warning C4244: 'return': conversion from '__int64' to 'int', possible loss of data
  ImfPreviewImage.cpp
  Generating Code...
  Compiling...
  ImfPreviewImageAttribute.cpp
  ImfPxr24Compressor.cpp
C:\Users\danip\Desktop\CGJ-TeamProject\dependencies\FreeImage\Source\OpenEXR\IlmImf\ImfPxr24Compressor.cpp(192,1): warning C4267: 'initializing': conversion from 'size_t' to 'int', possible loss of data
C:\Users\danip\Desktop\CGJ-TeamProject\dependencies\FreeImage\Source\OpenEXR\IlmImf\ImfPxr24Compressor.cpp(405,21): warning C4244: 'argument': conversion from '__int64' to 'uLong', possible loss of data
C:\Users\danip\Desktop\CGJ-TeamProject\dependencies\FreeImage\Source\OpenEXR\IlmImf\ImfPxr24Compressor.cpp(550,21): warning C4244: 'return': conversion from '__int64' to 'int', possible loss of data
  ImfRational.cpp
  ImfRationalAttribute.cpp
  ImfRgbaFile.cpp
C:\Users\danip\Desktop\CGJ-TeamProject\dependencies\FreeImage\Source\OpenEXR\IlmImf\ImfRgbaFile.cpp(172,73): warning C4334: '<<': result of 32-bit shift implicitly converted to 64 bits (was 64-bit shift intended?)
C:\Users\danip\Desktop\CGJ-TeamProject\dependencies\FreeImage\Source\OpenEXR\IlmImf\ImfRgbaFile.cpp(180,36): warning C4334: '<<': result of 32-bit shift implicitly converted to 64 bits (was 64-bit shift intended?)
C:\Users\danip\Desktop\CGJ-TeamProject\dependencies\FreeImage\Source\OpenEXR\IlmImf\ImfRgbaFile.cpp(183,30): warning C4334: '<<': result of 32-bit shift implicitly converted to 64 bits (was 64-bit shift intended?)
  ImfRgbaYca.cpp
  ImfRle.cpp
C:\Users\danip\Desktop\CGJ-TeamProject\dependencies\FreeImage\Source\OpenEXR\IlmImf\ImfRle.cpp(76,40): warning C4244: '=': conversion from '__int64' to 'signed char', possible loss of data
C:\Users\danip\Desktop\CGJ-TeamProject\dependencies\FreeImage\Source\OpenEXR\IlmImf\ImfRle.cpp(96,29): warning C4244: '=': conversion from '__int64' to 'signed char', possible loss of data
C:\Users\danip\Desktop\CGJ-TeamProject\dependencies\FreeImage\Source\OpenEXR\IlmImf\ImfRle.cpp(107,21): warning C4244: 'return': conversion from '__int64' to 'int', possible loss of data
C:\Users\danip\Desktop\CGJ-TeamProject\dependencies\FreeImage\Source\OpenEXR\IlmImf\ImfRle.cpp(151,16): warning C4244: 'return': conversion from '__int64' to 'int', possible loss of data
  ImfRleCompressor.cpp
C:\Users\danip\Desktop\CGJ-TeamProject\dependencies\FreeImage\Source\OpenEXR\IlmImf\ImfRleCompressor.cpp(56,1): warning C4267: 'initializing': conversion from 'size_t' to 'int', possible loss of data
  ImfScanLineInputFile.cpp
C:\Users\danip\Desktop\CGJ-TeamProject\dependencies\FreeImage\Source\OpenEXR\IlmImf\ImfOptimizedPixelReading.h(73,58): warning C4311: 'type cast': pointer truncation from 'const void *__restrict ' to 'unsigned long'
C:\Users\danip\Desktop\CGJ-TeamProject\dependencies\FreeImage\Source\OpenEXR\IlmImf\ImfOptimizedPixelReading.h(73,58): warning C4302: 'type cast': truncation from 'const void *__restrict ' to 'unsigned long'
C:\Users\danip\Desktop\CGJ-TeamProject\dependencies\FreeImage\Source\OpenEXR\IlmImf\ImfScanLineInputFile.cpp(1467,40): warning C4244: 'argument': conversion from 'const double' to 'float', possible loss of data
  ImfStandardAttributes.cpp
  ImfStdIO.cpp
  ImfStringAttribute.cpp
C:\Users\danip\Desktop\CGJ-TeamProject\dependencies\FreeImage\Source\OpenEXR\IlmImf\ImfStringAttribute.cpp(62,1): warning C4267: 'initializing': conversion from 'size_t' to 'int', possible loss of data
  ImfStringVectorAttribute.cpp
C:\Users\danip\Desktop\CGJ-TeamProject\dependencies\FreeImage\Source\OpenEXR\IlmImf\ImfStringVectorAttribute.cpp(62,1): warning C4267: 'initializing': conversion from 'size_t' to 'int', possible loss of data
C:\Users\danip\Desktop\CGJ-TeamProject\dependencies\FreeImage\Source\OpenEXR\IlmImf\ImfStringVectorAttribute.cpp(66,1): warning C4267: 'initializing': conversion from 'size_t' to 'int', possible loss of data
  ImfSystemSpecific.cpp
  ImfTestFile.cpp
  ImfThreading.cpp
  ImfTileDescriptionAttribute.cpp
  ImfTiledInputFile.cpp
C:\Users\danip\Desktop\CGJ-TeamProject\dependencies\FreeImage\Source\OpenEXR\IlmImf\ImfTiledInputFile.cpp(523,63): warning C4267: 'initializing': conversion from 'size_t' to 'int', possible loss of data
  ImfTiledInputPart.cpp
  ImfTiledMisc.cpp
  Generating Code...
  Compiling...
  ImfTiledOutputFile.cpp
C:\Users\danip\Desktop\CGJ-TeamProject\dependencies\FreeImage\Source\OpenEXR\IlmImf\ImfTiledOutputFile.cpp(804,42): warning C4244: '=': conversion from '__int64' to 'int', possible loss of data
C:\Users\danip\Desktop\CGJ-TeamProject\dependencies\FreeImage\Source\OpenEXR\IlmImf\ImfTiledOutputFile.cpp(1037,72): warning C4267: 'argument': conversion from 'size_t' to 'long', possible loss of data
  ImfTiledOutputPart.cpp
  ImfTiledRgbaFile.cpp
  ImfTileOffsets.cpp
C:\Users\danip\Desktop\CGJ-TeamProject\dependencies\FreeImage\Source\OpenEXR\IlmImf\ImfTileOffsets.cpp(154,91): warning C4244: 'argument': conversion from 'Imath_2_2::Int64' to 'int', possible loss of data
  ImfTimeCode.cpp
  ImfTimeCodeAttribute.cpp
  ImfVecAttribute.cpp
  ImfVersion.cpp
  ImfWav.cpp
  ImfZip.cpp
C:\Users\danip\Desktop\CGJ-TeamProject\dependencies\FreeImage\Source\OpenEXR\IlmImf\ImfZip.cpp(146,33): warning C4267: 'initializing': conversion from 'size_t' to 'uLongf', possible loss of data
  ImfZipCompressor.cpp
C:\Users\danip\Desktop\CGJ-TeamProject\dependencies\FreeImage\Source\OpenEXR\IlmImf\ImfZipCompressor.cpp(62,1): warning C4267: 'initializing': conversion from 'size_t' to 'int', possible loss of data
  ImathBox.cpp
  ImathColorAlgo.cpp
  ImathFun.cpp
  ImathMatrixAlgo.cpp
  ImathRandom.cpp
  ImathShear.cpp
  ImathVec.cpp
  IexBaseExc.cpp
  IexThrowErrnoExc.cpp
  Generating Code...
  Compiling...
  half.cpp
  IlmThread.cpp
C:\Users\danip\Desktop\CGJ-TeamProject\dependencies\FreeImage\Source\OpenEXR\IlmThread\IlmThread.cpp(67,1): warning C4297: 'IlmThread_2_2::Thread::~Thread': function assumed not to throw an exception but does
C:\Users\danip\Desktop\CGJ-TeamProject\dependencies\FreeImage\Source\OpenEXR\IlmThread\IlmThread.cpp(67,1): message : destructor or deallocator has a (possibly implicit) non-throwing exception specification
  IlmThreadMutex.cpp
  IlmThreadPool.cpp
C:\Users\danip\Desktop\CGJ-TeamProject\dependencies\FreeImage\Source\OpenEXR\IlmThread\IlmThreadPool.cpp(371,29): warning C4267: 'return': conversion from 'size_t' to 'int', possible loss of data
  IlmThreadSemaphore.cpp
  IexMathFloatExc.cpp
  Generating Code...
C:\Users\danip\Desktop\CGJ-TeamProject\dependencies\FreeImage\Source\OpenEXR\IlmThread\IlmThread.cpp(68): warning C4722: 'IlmThread_2_2::Thread::~Thread': destructor never returns, potential memory leak
  OpenEXR.2017.vcxproj -> C:\Users\danip\Desktop\CGJ-TeamProject\dependencies\FreeImage\Source\OpenEXR\.\x64\Release\OpenEXR.lib
