c:\users\danip\desktop\cgj-teamproject\dependencies\freeimage\source\libjxr\win32\debug\libjxr.pdb
c:\users\danip\desktop\cgj-teamproject\dependencies\freeimage\source\libjxr\win32\debug\libjxr.idb
c:\users\danip\desktop\cgj-teamproject\dependencies\freeimage\source\libjxr\win32\debug\segdec.obj
c:\users\danip\desktop\cgj-teamproject\dependencies\freeimage\source\libjxr\win32\debug\strdec.obj
c:\users\danip\desktop\cgj-teamproject\dependencies\freeimage\source\libjxr\win32\debug\strdec_x86.obj
c:\users\danip\desktop\cgj-teamproject\dependencies\freeimage\source\libjxr\win32\debug\strinvtransform.obj
c:\users\danip\desktop\cgj-teamproject\dependencies\freeimage\source\libjxr\win32\debug\strpredquantdec.obj
c:\users\danip\desktop\cgj-teamproject\dependencies\freeimage\source\libjxr\win32\debug\encode.obj
c:\users\danip\desktop\cgj-teamproject\dependencies\freeimage\source\libjxr\win32\debug\segenc.obj
c:\users\danip\desktop\cgj-teamproject\dependencies\freeimage\source\libjxr\win32\debug\strenc.obj
c:\users\danip\desktop\cgj-teamproject\dependencies\freeimage\source\libjxr\win32\debug\strenc_x86.obj
c:\users\danip\desktop\cgj-teamproject\dependencies\freeimage\source\libjxr\win32\debug\strfwdtransform.obj
c:\users\danip\desktop\cgj-teamproject\dependencies\freeimage\source\libjxr\win32\debug\strpredquantenc.obj
c:\users\danip\desktop\cgj-teamproject\dependencies\freeimage\source\libjxr\win32\debug\adapthuff.obj
c:\users\danip\desktop\cgj-teamproject\dependencies\freeimage\source\libjxr\win32\debug\image.obj
c:\users\danip\desktop\cgj-teamproject\dependencies\freeimage\source\libjxr\win32\debug\strcodec.obj
c:\users\danip\desktop\cgj-teamproject\dependencies\freeimage\source\libjxr\win32\debug\strpredquant.obj
c:\users\danip\desktop\cgj-teamproject\dependencies\freeimage\source\libjxr\win32\debug\strtransform.obj
c:\users\danip\desktop\cgj-teamproject\dependencies\freeimage\source\libjxr\win32\debug\jxrglue.obj
c:\users\danip\desktop\cgj-teamproject\dependencies\freeimage\source\libjxr\win32\debug\jxrgluejxr.obj
c:\users\danip\desktop\cgj-teamproject\dependencies\freeimage\source\libjxr\win32\debug\jxrgluepfc.obj
c:\users\danip\desktop\cgj-teamproject\dependencies\freeimage\source\libjxr\win32\debug\jxrmeta.obj
c:\users\danip\desktop\cgj-teamproject\dependencies\freeimage\source\libjxr\win32\debug\decode.obj
c:\users\danip\desktop\cgj-teamproject\dependencies\freeimage\source\libjxr\win32\debug\jxrtranscode.obj
c:\users\danip\desktop\cgj-teamproject\dependencies\freeimage\source\libjxr\win32\debug\postprocess.obj
c:\users\danip\desktop\cgj-teamproject\dependencies\freeimage\source\libjxr\win32\debug\libjxr.lib
c:\users\danip\desktop\cgj-teamproject\dependencies\freeimage\source\libjxr\win32\debug\libjxr.tlog\cl.command.1.tlog
c:\users\danip\desktop\cgj-teamproject\dependencies\freeimage\source\libjxr\win32\debug\libjxr.tlog\cl.read.1.tlog
c:\users\danip\desktop\cgj-teamproject\dependencies\freeimage\source\libjxr\win32\debug\libjxr.tlog\cl.write.1.tlog
c:\users\danip\desktop\cgj-teamproject\dependencies\freeimage\source\libjxr\win32\debug\libjxr.tlog\lib-link.read.1.tlog
c:\users\danip\desktop\cgj-teamproject\dependencies\freeimage\source\libjxr\win32\debug\libjxr.tlog\lib-link.write.1.tlog
c:\users\danip\desktop\cgj-teamproject\dependencies\freeimage\source\libjxr\win32\debug\libjxr.tlog\lib.command.1.tlog
